Not Found: /static/css/bootstrap.rtl.min.css.map
Not Found: /static/css/persian-datepicker.min.css.map
Not Found: /static/js/bootstrap.js.map
Method Not Allowed (POST): /pro/test/
Method Not Allowed: /pro/test/
Not Found: /static/css/bootstrap.rtl.min.css.map
Not Found: /static/css/persian-datepicker.min.css.map
Not Found: /static/js/bootstrap.js.map
Method Not Allowed (POST): /pro/test/
Method Not Allowed: /pro/test/
Method Not Allowed (POST): /pro/test/
Method Not Allowed: /pro/test/
Not Found: /static/css/persian-datepicker.min.css.map
Not Found: /static/css/bootstrap.rtl.min.css.map
Not Found: /static/js/bootstrap.js.map
Method Not Allowed (POST): /pro/test/
Method Not Allowed: /pro/test/
Not Found: /static/css/bootstrap.rtl.min.css.map
Not Found: /static/css/persian-datepicker.min.css.map
Not Found: /static/js/bootstrap.js.map
Not Found: /static/css/bootstrap.rtl.min.css.map
Not Found: /static/css/persian-datepicker.min.css.map
Not Found: /static/js/bootstrap.js.map
Forbidden (CSRF token missing or incorrect.): /pro/test/
Method Not Allowed (POST): /pro/test/
Method Not Allowed: /pro/test/
Not Found: /static/css/persian-datepicker.min.css.map
Not Found: /static/css/bootstrap.rtl.min.css.map
Not Found: /static/js/bootstrap.js.map
Not Found: /static/css/bootstrap.rtl.min.css.map
Not Found: /static/js/bootstrap.js.map
Not Found: /static/css/persian-datepicker.min.css.map
Forbidden (CSRF token missing or incorrect.): /pro/test/
Method Not Allowed (POST): /pro/test/
Method Not Allowed: /pro/test/
Not Found: /passengers/trip
Not Found: /passenger/trip
Method Not Allowed (POST): /pro/test/
Method Not Allowed: /pro/test/
Not Found: /static/css/persian-datepicker.min.css.map
Not Found: /static/css/bootstrap.rtl.min.css.map
Not Found: /static/js/bootstrap.js.map
Not Found: /static/css/bootstrap.rtl.min.css.map
Not Found: /static/css/persian-datepicker.min.css.map
Not Found: /static/js/bootstrap.js.map
Not Found: /static/css/bootstrap.rtl.min.css.map
Not Found: /static/js/bootstrap.js.map
Not Found: /static/css/persian-datepicker.min.css.map
Not Found: /static/js/bootstrap.js.map
Not Found: /static/css/bootstrap.rtl.min.css.map
Not Found: /static/css/persian-datepicker.min.css.map
Not Found: /static/css/bootstrap.rtl.min.css.map
Not Found: /static/css/persian-datepicker.min.css.map
Not Found: /static/js/bootstrap.js.map
Not Found: /static/css/persian-datepicker.min.css.map
Not Found: /static/css/bootstrap.rtl.min.css.map
Not Found: /static/css/persian-datepicker.min.css.map
Not Found: /static/css/bootstrap.rtl.min.css.map
Not Found: /static/js/bootstrap.js.map
Not Found: /static/css/bootstrap.rtl.min.css.map
Not Found: /static/css/persian-datepicker.min.css.map
Not Found: /static/js/bootstrap.js.map
Not Found: /static/js/bootstrap.js.map
Not Found: /static/css/bootstrap.rtl.min.css.map
Not Found: /static/css/persian-datepicker.min.css.map
